Building DAG of jobs...
Using shell: /usr/bin/bash
Provided cores: 1 (use --cores to define parallelism)
Rules claiming more threads will be scaled down.
Conda environments: ignored
Job stats:
job                    count    min threads    max threads
-------------------  -------  -------------  -------------
generate_html              2              1              1
generate_site_files        1              1              1
md_postprocess             2              1              1
sk_done                    1              1              1
sk_exe_rmd                 2              1              1
total                      8              1              1

Select jobs to execute...

[Fri Oct  6 00:37:27 2023]
Job 7: Executing code in /home/turner/miniconda3/envs/snakemake/lib/python3.11/site-packages/scikick/workflow/notebook_rules/index.Rmd, outputting to report/out_md/index.md
Reason: Missing output files: report/out_md/index.md

[Fri Oct  6 00:37:28 2023]
Finished job 7.
1 of 8 steps (12%) done
Select jobs to execute...

[Fri Oct  6 00:37:28 2023]
Job 6:  Adding project map to report/out_md/index.md as report/out_md/index_tmp.md
Reason: Missing output files: report/out_md/index_tmp.md; Input files updated by another job: report/out_md/index.md

[Fri Oct  6 00:37:29 2023]
Finished job 6.
2 of 8 steps (25%) done
Select jobs to execute...

[Fri Oct  6 00:37:29 2023]
Job 4: Executing code in main.Rmd, outputting to report/out_md/main.md
Reason: Missing output files: report/out_md/main.md

[Fri Oct  6 00:37:41 2023]
Finished job 4.
3 of 8 steps (38%) done
Select jobs to execute...

[Fri Oct  6 00:37:41 2023]
Job 2:  Creating site layout from scikick.yml
Reason: Missing output files: report/out_md/_site.yml

[Fri Oct  6 00:37:42 2023]
Finished job 2.
4 of 8 steps (50%) done
Select jobs to execute...

[Fri Oct  6 00:37:42 2023]
Job 5:   Converting report/out_md/index_tmp.md to report/out_html/index.html
Reason: Missing output files: report/out_html/index.html; Input files updated by another job: report/out_md/index_tmp.md, report/out_md/_site.yml

[Fri Oct  6 00:37:45 2023]
Finished job 5.
5 of 8 steps (62%) done
Removing temporary output report/out_md/index_tmp.md.
Select jobs to execute...

[Fri Oct  6 00:37:45 2023]
Job 3:  Adding project map to report/out_md/main.md as report/out_md/main_tmp.md
Reason: Missing output files: report/out_md/main_tmp.md; Input files updated by another job: report/out_md/main.md

[Fri Oct  6 00:37:45 2023]
Finished job 3.
6 of 8 steps (75%) done
Select jobs to execute...

[Fri Oct  6 00:37:45 2023]
Job 1:   Converting report/out_md/main_tmp.md to report/out_html/main.html
Reason: Missing output files: report/out_html/main.html; Input files updated by another job: report/out_md/main_tmp.md, report/out_md/_site.yml

[Fri Oct  6 00:37:47 2023]
Finished job 1.
7 of 8 steps (88%) done
Removing temporary output report/out_md/main_tmp.md.
Select jobs to execute...

[Fri Oct  6 00:37:47 2023]
Job 0: Done, homepage is report/out_html/index.html
Reason: Input files updated by another job: report/out_html/index.html, report/out_html/main.html

[Fri Oct  6 00:37:47 2023]
Finished job 0.
8 of 8 steps (100%) done
Complete log: .snakemake/log/2023-10-06T003726.569914.snakemake.log
