Building DAG of jobs...
Using shell: /usr/bin/bash
Provided cores: 1 (use --cores to define parallelism)
Rules claiming more threads will be scaled down.
Conda environments: ignored
Job stats:
job               count    min threads    max threads
--------------  -------  -------------  -------------
generate_html         1              1              1
md_postprocess        1              1              1
sk_done               1              1              1
sk_exe_rmd            1              1              1
total                 4              1              1

Select jobs to execute...

[Fri Oct  6 00:42:25 2023]
Job 4: Executing code in main.Rmd, outputting to report/out_md/main.md
Reason: Updated input files: main.Rmd

[Fri Oct  6 00:42:37 2023]
Finished job 4.
1 of 4 steps (25%) done
Select jobs to execute...

[Fri Oct  6 00:42:37 2023]
Job 3:  Adding project map to report/out_md/main.md as report/out_md/main_tmp.md
Reason: Missing output files: report/out_md/main_tmp.md; Input files updated by another job: report/out_md/main.md

[Fri Oct  6 00:42:38 2023]
Finished job 3.
2 of 4 steps (50%) done
Select jobs to execute...

[Fri Oct  6 00:42:38 2023]
Job 1:   Converting report/out_md/main_tmp.md to report/out_html/main.html
Reason: Input files updated by another job: report/out_md/main_tmp.md

[Fri Oct  6 00:42:40 2023]
Finished job 1.
3 of 4 steps (75%) done
Removing temporary output report/out_md/main_tmp.md.
Select jobs to execute...

[Fri Oct  6 00:42:40 2023]
Job 0: Done, homepage is report/out_html/index.html
Reason: Input files updated by another job: report/out_html/main.html

[Fri Oct  6 00:42:40 2023]
Finished job 0.
4 of 4 steps (100%) done
Complete log: .snakemake/log/2023-10-06T004225.089077.snakemake.log
